make all --print-data-base --no-builtin-variables --no-builtin-rules --question
# GNU Make 3.81
# Copyright (C) 2006  Free Software Foundation, Inc.
# This is free software; see the source for copying conditions.
# There is NO warranty; not even for MERCHANTABILITY or FITNESS FOR A
# PARTICULAR PURPOSE.

# This program built for i386-apple-darwin11.3.0
 
make: *** No rule to make target `all'.  Stop.


# Make data base, printed on Tue Jul 12 14:35:26 2022

# Variables

# automatic
<D = $(patsubst %/,%,$(dir $<))
# automatic
?F = $(notdir $?)
# environment
ELECTRON_NO_ATTACH_CONSOLE = 1
# environment
LC_CTYPE = UTF-8
# environment
NVM_INC = /Users/admin/.nvm/versions/node/v16.14.0/include/node
# automatic
?D = $(patsubst %/,%,$(dir $?))
# automatic
@D = $(patsubst %/,%,$(dir $@))
# automatic
@F = $(notdir $@)
# makefile
CURDIR := /Users/admin/projects/nextjs-docker-multi-env
# makefile
SHELL = /bin/sh
# environment
VSCODE_NLS_CONFIG = {"locale":"en-us","availableLanguages":{},"_languagePackSupport":true}
# environment
_ = /usr/bin/make
# environment
MAVEN_HOME = /Users/admin/Desktop/install/apache-maven-3.6.3
# makefile (from `Makefile', line 1)
MAKEFILE_LIST :=  Makefile
# environment
__CFBundleIdentifier = com.microsoft.VSCode
# environment
VSCODE_CWD = /Users/admin/projects/minimal-react-webpack-babel-setup
# environment
PATH = /Users/admin/.nvm/versions/node/v16.14.0/bin:/Users/admin/Desktop/workspace/solana/solana-test-1.7.8/bin:/Users/admin/Desktop/install/postgresql-11.10/bin:/Users/admin/Desktop/project/zksync/bin:/usr/local/bin:/usr/bin:/bin:/usr/sbin:/sbin:/usr/local/go/bin:/Library/Apple/usr/bin:/Users/admin/.cargo/bin:/Applications/CMake.app/Contents/bin:/Users/admin/Desktop/install/apache-maven-3.6.3/bin:/usr/local/go/bin:/Users/admin/go/bin:/Users/admin/.epirus
# environment
GOROOT = /usr/local/go
# environment
LSCOLORS = Gxfxcxdxbxegedabagacad
# environment
GOPATH = /Users/admin/go
# environment
NVM_BIN = /Users/admin/.nvm/versions/node/v16.14.0/bin
# environment
ELECTRON_RUN_AS_NODE = 1
# default
.FEATURES := target-specific order-only second-expansion else-if archives jobserver check-symlink
# environment
SSH_AUTH_SOCK = /private/tmp/com.apple.launchd.0myHJg09lv/Listeners
# automatic
%F = $(notdir $%)
# environment
PWD = /Users/admin/projects/nextjs-docker-multi-env
# environment
ORIGINAL_XDG_CURRENT_DESKTOP = undefined
# environment
VSCODE_AMD_ENTRYPOINT = vs/workbench/api/node/extensionHostProcess
# environment
HOME = /Users/admin
# default
MAKEFILEPATH := /Applications/Xcode.app/Contents/Developer/Makefiles
# environment
VSCODE_CLI = 1
# environment
VSCODE_CODE_CACHE_PATH = /Users/admin/Library/Application Support/Code/CachedData/92d25e35d9bf1a6b16f7d0758f25d48ace11e5b9
# environment
LOGNAME = admin
# environment
APPLICATION_INSIGHTS_NO_DIAGNOSTIC_CHANNEL = 1
# environment
NVM_CD_FLAGS = -q
# environment
ZSH = /Users/admin/.oh-my-zsh
# environment
VSCODE_HANDLES_UNCAUGHT_ERRORS = true
# automatic
^D = $(patsubst %/,%,$(dir $^))
# environment
XPC_FLAGS = 0x0
# default
MAKE = $(MAKE_COMMAND)
# default
MAKECMDGOALS := all
# environment
SHLVL = 3
# environment
NODE_HOME = /Users/admin/Desktop/install/node-v14.15.0-darwin-x64
# default
MAKE_VERSION := 3.81
# environment
USER = admin
# makefile
.DEFAULT_GOAL := build-development
# environment
TERM_SESSION_ID = E6FEA39B-1D76-4408-A871-34385A76F111
# environment
LESS = -R
# automatic
%D = $(patsubst %/,%,$(dir $%))
# environment
SERVER_PRIVATE_KEY = /Users/admin/aws/apenft-setup.pem
# default
MAKE_COMMAND := /Applications/Xcode.app/Contents/Developer/usr/bin/make
# environment
TERM_PROGRAM = Apple_Terminal
# default
.VARIABLES := 
# environment
TMPDIR = /var/folders/km/h0gzgyc9471fk1mx65y4d4bh0000gp/T/
# automatic
*F = $(notdir $*)
# environment
NODE_PATH = /Users/admin/Desktop/install/node-v14.15.0-darwin-x64:/Users/admin/Desktop/install/node-v14.15.0-darwin-x64/lib/node_modules
# environment
VSCODE_IPC_HOOK = /Users/admin/Library/Application Support/Code/1.69.0-main.sock
# environment
MallocNanoZone = 0
# makefile
MAKEFLAGS = Rrqp
# environment
CMAKE_HOME = /Applications/CMake.app/Contents
# environment
MFLAGS = -Rrqp
# automatic
*D = $(patsubst %/,%,$(dir $*))
# environment
TERM_PROGRAM_VERSION = 445
# environment
NVM_DIR = /Users/admin/.nvm
# environment
XPC_SERVICE_NAME = application.com.microsoft.VSCode.9471850.9471856.F32E2230-BC08-452D-8E68-44D197AEB99A
# automatic
+D = $(patsubst %/,%,$(dir $+))
# automatic
+F = $(notdir $+)
# environment
__CF_USER_TEXT_ENCODING = 0x1F6:0x0:0x0
# environment
COMMAND_MODE = unix2003
# default
MAKEFILES := 
# automatic
<F = $(notdir $<)
# environment
PAGER = less
# environment
LC_ALL = C
# automatic
^F = $(notdir $^)
# default
SUFFIXES := 
# environment
ZKSYNC_HOME = /Users/admin/Desktop/project/zksync
# default
.INCLUDE_DIRS = /usr/local/include
# environment
MAKELEVEL := 0
# environment
LANG = C
# environment
TERM = xterm-256color
# environment
VSCODE_PID = 29092
# variable set hash-table stats:
# Load=81/1024=8%, Rehash=0, Collisions=2/105=2%

# Pattern-specific Variable Values

# No pattern-specific variable values.

# Directories

# . (device 16777231, inode 2153826): 33 files, no impossibilities.

# 33 files, no impossibilities in 1 directories.

# Implicit Rules

# No implicit rules.

# Files

start-staging:
#  Phony target (prerequisite of .PHONY).
#  Implicit rule search has not been done.
#  File does not exist.
#  File has not been updated.
#  commands to execute (from `Makefile', line 19):
	docker compose -f docker/staging/docker-compose.yml up -d
	

stop-development:
#  Phony target (prerequisite of .PHONY).
#  Implicit rule search has not been done.
#  File does not exist.
#  File has not been updated.
#  commands to execute (from `Makefile', line 11):
	docker compose -f docker/development/docker-compose.yml down
	

start-production:
#  Phony target (prerequisite of .PHONY).
#  Implicit rule search has not been done.
#  File does not exist.
#  File has not been updated.
#  commands to execute (from `Makefile', line 31):
	docker compose -f docker/production/docker-compose.yml up -d
	

build-staging:
#  Phony target (prerequisite of .PHONY).
#  Implicit rule search has not been done.
#  File does not exist.
#  File has not been updated.
#  commands to execute (from `Makefile', line 15):
	docker compose -f docker/staging/docker-compose.yml build
	

# Not a target:
all:
#  Command-line target.
#  Implicit rule search has been done.
#  File does not exist.
#  File has not been updated.
# variable set hash-table stats:
# Load=0/32=0%, Rehash=0, Collisions=0/0=0%

.PHONY: build-development start-development stop-development build-staging start-staging stop-staging build-production start-production stop-production
#  Implicit rule search has not been done.
#  Modification time never checked.
#  File has not been updated.

build-production:
#  Phony target (prerequisite of .PHONY).
#  Implicit rule search has not been done.
#  File does not exist.
#  File has not been updated.
#  commands to execute (from `Makefile', line 27):
	docker compose -f docker/production/docker-compose.yml build
	

# Not a target:
.SUFFIXES:
#  Implicit rule search has not been done.
#  Modification time never checked.
#  File has not been updated.

# Not a target:
Makefile:
#  Implicit rule search has been done.
#  Last modified 2022-05-22 14:56:18
#  File has been updated.
#  Successfully updated.
# variable set hash-table stats:
# Load=0/32=0%, Rehash=0, Collisions=0/0=0%

start-development:
#  Phony target (prerequisite of .PHONY).
#  Implicit rule search has not been done.
#  File does not exist.
#  File has not been updated.
#  commands to execute (from `Makefile', line 7):
	docker compose -f docker/development/docker-compose.yml up -d
	

build-development:
#  Phony target (prerequisite of .PHONY).
#  Implicit rule search has not been done.
#  File does not exist.
#  File has not been updated.
#  commands to execute (from `Makefile', line 3):
	docker compose -f docker/development/docker-compose.yml build
	

# Not a target:
.DEFAULT:
#  Implicit rule search has not been done.
#  Modification time never checked.
#  File has not been updated.

stop-staging:
#  Phony target (prerequisite of .PHONY).
#  Implicit rule search has not been done.
#  File does not exist.
#  File has not been updated.
#  commands to execute (from `Makefile', line 23):
	docker compose -f docker/staging/docker-compose.yml down
	

stop-production:
#  Phony target (prerequisite of .PHONY).
#  Implicit rule search has not been done.
#  File does not exist.
 
#  File has not been updated.
#  commands to execute (from `Makefile', line 35):
	docker compose -f docker/production/docker-compose.yml down
	

# files hash-table stats:
# Load=14/1024=1%, Rehash=0, Collisions=0/43=0%
# VPATH Search Paths

# No `vpath' search paths.

# No general (`VPATH' variable) search path.

# # of strings in strcache: 1
# # of strcache buffers: 1
# strcache size: total = 4096 / max = 4096 / min = 4096 / avg = 4096
# strcache free: total = 4087 / max = 4087 / min = 4087 / avg = 4087

# Finished Make data base on Tue Jul 12 14:35:26 2022

 
